<?xml version="1.0" encoding="UTF-8"?>
<!-- Generated by org.testng.reporters.JUnitXMLReporter -->
<testsuite ignored="0" hostname="DESKTOP-G0DII7M" failures="0" tests="3" name="Default test" time="6.563" errors="0" timestamp="2022-07-03T11:11:40 IST">
  <testcase classname="libraryapi.DynamicJson" name="addBook" time="5.355"/>
  <testcase classname="libraryapi.DynamicJson" name="addBook" time="0.53"/>
  <testcase classname="libraryapi.DynamicJson" name="addBook" time="0.528"/>
</testsuite> <!-- Default test -->
