<?xml version="1.0" encoding="UTF-8"?>
<testng-results ignored="0" total="3" passed="3" failed="0" skipped="0">
  <reporter-output>
  </reporter-output>
  <suite started-at="2022-07-03T11:11:33 IST" name="Default suite" finished-at="2022-07-03T11:11:40 IST" duration-ms="6563">
    <groups>
    </groups>
    <test started-at="2022-07-03T11:11:33 IST" name="Default test" finished-at="2022-07-03T11:11:40 IST" duration-ms="6563">
      <class name="libraryapi.DynamicJson">
        <test-method signature="addBook(java.lang.String,java.lang.String)[pri:0, instance:libraryapi.DynamicJson@550dbc7a]" started-at="2022-07-03T11:11:34 IST" name="addBook" data-provider="BooksData" finished-at="2022-07-03T11:11:39 IST" duration-ms="5355" status="PASS">
          <params>
            <param index="0">
              <value>
                <![CDATA[1136]]>
              </value>
            </param>
            <param index="1">
              <value>
                <![CDATA[aa]]>
              </value>
            </param>
          </params>
          <reporter-output>
          </reporter-output>
        </test-method> <!-- addBook -->
        <test-method signature="addBook(java.lang.String,java.lang.String)[pri:0, instance:libraryapi.DynamicJson@550dbc7a]" started-at="2022-07-03T11:11:39 IST" name="addBook" data-provider="BooksData" finished-at="2022-07-03T11:11:39 IST" duration-ms="530" status="PASS">
          <params>
            <param index="0">
              <value>
                <![CDATA[1137]]>
              </value>
            </param>
            <param index="1">
              <value>
                <![CDATA[bb]]>
              </value>
            </param>
          </params>
          <reporter-output>
          </reporter-output>
        </test-method> <!-- addBook -->
        <test-method signature="addBook(java.lang.String,java.lang.String)[pri:0, instance:libraryapi.DynamicJson@550dbc7a]" started-at="2022-07-03T11:11:39 IST" name="addBook" data-provider="BooksData" finished-at="2022-07-03T11:11:40 IST" duration-ms="528" status="PASS">
          <params>
            <param index="0">
              <value>
                <![CDATA[1138]]>
              </value>
            </param>
            <param index="1">
              <value>
                <![CDATA[cc]]>
              </value>
            </param>
          </params>
          <reporter-output>
          </reporter-output>
        </test-method> <!-- addBook -->
      </class> <!-- libraryapi.DynamicJson -->
    </test> <!-- Default test -->
  </suite> <!-- Default suite -->
</testng-results>
